<?xml version="1.0" encoding="UTF-8"?>
<testsuites>
  <testsuite name="fastlane.lanes">
    
    
    
      
      <testcase classname="fastlane.lanes" name="0: default_platform" time="0.000226031">
        
      </testcase>
    
      
      <testcase classname="fastlane.lanes" name="1: clean bundleGithub" time="19.875756907">
        
          <failure message="/home/linuxbrew/.linuxbrew/Cellar/fastlane/2.206.2/libexec/gems/fastlane-2.206.2/fastlane/lib/fastlane/actions/actions_helper.rb:67:in `execute_action&apos;&#10;/home/linuxbrew/.linuxbrew/Cellar/fastlane/2.206.2/libexec/gems/fastlane-2.206.2/fastlane/lib/fastlane/runner.rb:255:in `block in execute_action&apos;&#10;/home/linuxbrew/.linuxbrew/Cellar/fastlane/2.206.2/libexec/gems/fastlane-2.206.2/fastlane/lib/fastlane/runner.rb:229:in `chdir&apos;&#10;/home/linuxbrew/.linuxbrew/Cellar/fastlane/2.206.2/libexec/gems/fastlane-2.206.2/fastlane/lib/fastlane/runner.rb:229:in `execute_action&apos;&#10;/home/linuxbrew/.linuxbrew/Cellar/fastlane/2.206.2/libexec/gems/fastlane-2.206.2/fastlane/lib/fastlane/runner.rb:157:in `trigger_action_by_name&apos;&#10;/home/linuxbrew/.linuxbrew/Cellar/fastlane/2.206.2/libexec/gems/fastlane-2.206.2/fastlane/lib/fastlane/fast_file.rb:159:in `method_missing&apos;&#10;Fastfile:21:in `block (2 levels) in parsing_binding&apos;&#10;/home/linuxbrew/.linuxbrew/Cellar/fastlane/2.206.2/libexec/gems/fastlane-2.206.2/fastlane/lib/fastlane/lane.rb:33:in `call&apos;&#10;/home/linuxbrew/.linuxbrew/Cellar/fastlane/2.206.2/libexec/gems/fastlane-2.206.2/fastlane/lib/fastlane/runner.rb:49:in `block in execute&apos;&#10;/home/linuxbrew/.linuxbrew/Cellar/fastlane/2.206.2/libexec/gems/fastlane-2.206.2/fastlane/lib/fastlane/runner.rb:45:in `chdir&apos;&#10;/home/linuxbrew/.linuxbrew/Cellar/fastlane/2.206.2/libexec/gems/fastlane-2.206.2/fastlane/lib/fastlane/runner.rb:45:in `execute&apos;&#10;/home/linuxbrew/.linuxbrew/Cellar/fastlane/2.206.2/libexec/gems/fastlane-2.206.2/fastlane/lib/fastlane/lane_manager.rb:47:in `cruise_lane&apos;&#10;/home/linuxbrew/.linuxbrew/Cellar/fastlane/2.206.2/libexec/gems/fastlane-2.206.2/fastlane/lib/fastlane/command_line_handler.rb:36:in `handle&apos;&#10;/home/linuxbrew/.linuxbrew/Cellar/fastlane/2.206.2/libexec/gems/fastlane-2.206.2/fastlane/lib/fastlane/commands_generator.rb:110:in `block (2 levels) in run&apos;&#10;/home/linuxbrew/.linuxbrew/Cellar/fastlane/2.206.2/libexec/gems/commander-4.6.0/lib/commander/command.rb:187:in `call&apos;&#10;/home/linuxbrew/.linuxbrew/Cellar/fastlane/2.206.2/libexec/gems/commander-4.6.0/lib/commander/command.rb:157:in `run&apos;&#10;/home/linuxbrew/.linuxbrew/Cellar/fastlane/2.206.2/libexec/gems/commander-4.6.0/lib/commander/runner.rb:444:in `run_active_command&apos;&#10;/home/linuxbrew/.linuxbrew/Cellar/fastlane/2.206.2/libexec/gems/fastlane-2.206.2/fastlane_core/lib/fastlane_core/ui/fastlane_runner.rb:124:in `run!&apos;&#10;/home/linuxbrew/.linuxbrew/Cellar/fastlane/2.206.2/libexec/gems/commander-4.6.0/lib/commander/delegates.rb:18:in `run!&apos;&#10;/home/linuxbrew/.linuxbrew/Cellar/fastlane/2.206.2/libexec/gems/fastlane-2.206.2/fastlane/lib/fastlane/commands_generator.rb:354:in `run&apos;&#10;/home/linuxbrew/.linuxbrew/Cellar/fastlane/2.206.2/libexec/gems/fastlane-2.206.2/fastlane/lib/fastlane/commands_generator.rb:43:in `start&apos;&#10;/home/linuxbrew/.linuxbrew/Cellar/fastlane/2.206.2/libexec/gems/fastlane-2.206.2/fastlane/lib/fastlane/cli_tools_distributor.rb:123:in `take_off&apos;&#10;/home/linuxbrew/.linuxbrew/Cellar/fastlane/2.206.2/libexec/gems/fastlane-2.206.2/bin/fastlane:23:in `&lt;top (required)&gt;&apos;&#10;/home/linuxbrew/.linuxbrew/Cellar/fastlane/2.206.2/libexec/bin/fastlane:25:in `load&apos;&#10;/home/linuxbrew/.linuxbrew/Cellar/fastlane/2.206.2/libexec/bin/fastlane:25:in `&lt;main&gt;&apos;&#10;&#10;Exit status of command &apos;/home/leocolman/Workspace/Petals/gradlew clean bundleGithub -p .&apos; was 1 instead of 0.&#10;Starting a Gradle Daemon, 1 incompatible Daemon could not be reused, use --status for details&#10;&gt; Task :buildSrc:compileKotlin UP-TO-DATE&#10;&gt; Task :buildSrc:compileJava NO-SOURCE&#10;&gt; Task :buildSrc:compileGroovy NO-SOURCE&#10;&gt; Task :buildSrc:pluginDescriptors UP-TO-DATE&#10;&gt; Task :buildSrc:processResources NO-SOURCE&#10;&gt; Task :buildSrc:classes UP-TO-DATE&#10;&gt; Task :buildSrc:inspectClassesForKotlinIC UP-TO-DATE&#10;&gt; Task :buildSrc:jar UP-TO-DATE&#10;&gt; Task :buildSrc:assemble UP-TO-DATE&#10;&gt; Task :buildSrc:compileTestKotlin NO-SOURCE&#10;&gt; Task :buildSrc:pluginUnderTestMetadata UP-TO-DATE&#10;&gt; Task :buildSrc:compileTestJava NO-SOURCE&#10;&gt; Task :buildSrc:compileTestGroovy NO-SOURCE&#10;&gt; Task :buildSrc:processTestResources NO-SOURCE&#10;&gt; Task :buildSrc:testClasses UP-TO-DATE&#10;&gt; Task :buildSrc:test NO-SOURCE&#10;&gt; Task :buildSrc:validatePlugins UP-TO-DATE&#10;&gt; Task :buildSrc:check UP-TO-DATE&#10;&gt; Task :buildSrc:build UP-TO-DATE&#10;&#10;&gt; Configure project :app&#10;WARNING:API &apos;android.registerTransform&apos; is obsolete.&#10;It will be removed in version 8.0 of the Android Gradle plugin.&#10;The Transform API is removed to improve build performance. Projects that use the&#10;Transform API force the Android Gradle plugin to use a less optimized flow for the&#10;build that can result in large regressions in build times. It’s also difficult to&#10;use the Transform API and combine it with other Gradle features; the replacement&#10;APIs aim to make it easier to extend the build without introducing performance or&#10;correctness issues.&#10;&#10;There is no single replacement for the Transform API—there are new, targeted&#10;APIs for each use case. All the replacement APIs are in the&#10;`androidComponents {}` block.&#10;For more information, see https://developer.android.com/studio/releases/gradle-plugin-api-updates#transform-api.&#10;To determine what is calling android.registerTransform, use -Pandroid.debug.obsoleteApi=true on the command line to display more information.&#10;&#10;FAILURE: Build failed with an exception.&#10;&#10;* What went wrong:&#10;Task &apos;bundleGithub&apos; not found in root project &apos;Petals&apos;.&#10;&#10;* Try:&#10;&gt; Run gradlew tasks to get a list of available tasks.&#10;&gt; Run with --stacktrace option to get the stack trace.&#10;&gt; Run with --info or --debug option to get more log output.&#10;&gt; Run with --scan to get full insights.&#10;&#10;* Get more help at https://help.gradle.org&#10;&#10;BUILD FAILED in 19s&#10;6 actionable tasks: 6 up-to-date&#10;" />
        
      </testcase>
    
  </testsuite>
</testsuites>
